<?xml version="1.0" encoding="UTF-8"?>
<!-- Generated by org.testng.reporters.JUnitXMLReporter -->
<testsuite hostname="DipanGarg" ignored="0" name="LoginTestTEST" tests="2" failures="0" timestamp="29 Apr 2018 18:34:46 GMT" time="0.437" errors="0">
  <testcase name="invalidLoginTest_InvalidUserNameInvalidPasswordGOINGFORWARD" time="0.375" classname="tests.LoginTests"/>
  <testcase name="invalidLoginTest_InvalidUserNameInvalidPasswordGOINGFORWARD" time="0.0" classname="tests.LoginTests"/>
</testsuite> <!-- LoginTestTEST -->
